# JRE version: Java(TM) SE Runtime Environment (9.0+11) (build 9.0.1+11)
# Java VM: Java HotSpot(TM) 64-Bit Server VM (9.0.1+11, mixed mode, tiered, compressed oops, g1 gc, linux-amd64)
Heap:
 garbage-first heap   total 571392K, used 15506K [0x0000000706000000, 0x0000000706101170, 0x00000007c0000000)
  region size 1024K, 11 young (11264K), 5 survivors (5120K)
 Metaspace       used 20792K, capacity 21686K, committed 21936K, reserved 1069056K
  class space    used 2269K, capacity 2459K, committed 2560K, reserved 1048576K
GC Heap History (8 events):
Event: 0,815 GC heap before
{Heap before GC invocations=0 (full 0):
 garbage-first heap   total 190464K, used 14336K [0x0000000706000000, 0x00000007061005d0, 0x00000007c0000000)
  region size 1024K, 14 young (14336K), 0 survivors (0K)
 Metaspace       used 10999K, capacity 11364K, committed 11392K, reserved 1058816K
  class space    used 1051K, capacity 1130K, committed 1152K, reserved 1048576K
}
Event: 0,824 GC heap after
{Heap after GC invocations=1 (full 0):
 garbage-first heap   total 190464K, used 5533K [0x0000000706000000, 0x00000007061005d0, 0x00000007c0000000)
  region size 1024K, 2 young (2048K), 2 survivors (2048K)
 Metaspace       used 10999K, capacity 11364K, committed 11392K, reserved 1058816K
  class space    used 1051K, capacity 1130K, committed 1152K, reserved 1048576K
}
Event: 1,006 GC heap before
{Heap before GC invocations=1 (full 0):
 garbage-first heap   total 190464K, used 13725K [0x0000000706000000, 0x00000007061005d0, 0x00000007c0000000)
  region size 1024K, 10 young (10240K), 2 survivors (2048K)
 Metaspace       used 12825K, capacity 13292K, committed 13440K, reserved 1060864K
  class space    used 1251K, capacity 1310K, committed 1408K, reserved 1048576K
}
Event: 1,016 GC heap after
{Heap after GC invocations=2 (full 0):
 garbage-first heap   total 190464K, used 6929K [0x0000000706000000, 0x00000007061005d0, 0x00000007c0000000)
  region size 1024K, 2 young (2048K), 2 survivors (2048K)
 Metaspace       used 12825K, capacity 13292K, committed 13440K, reserved 1060864K
  class space    used 1251K, capacity 1310K, committed 1408K, reserved 1048576K
}
Event: 1,673 GC heap before
{Heap before GC invocations=2 (full 0):
 garbage-first heap   total 190464K, used 31505K [0x0000000706000000, 0x00000007061005d0, 0x00000007c0000000)
  region size 1024K, 26 young (26624K), 2 survivors (2048K)
 Metaspace       used 18428K, capacity 19150K, committed 19328K, reserved 1067008K
  class space    used 1979K, capacity 2147K, committed 2176K, reserved 1048576K
}
Event: 1,683 GC heap after
{Heap after GC invocations=3 (full 0):
 garbage-first heap   total 190464K, used 10636K [0x0000000706000000, 0x00000007061005d0, 0x00000007c0000000)
  region size 1024K, 4 young (4096K), 4 survivors (4096K)
 Metaspace       used 18428K, capacity 19150K, committed 19328K, reserved 1067008K
  class space    used 1979K, capacity 2147K, committed 2176K, reserved 1048576K
}
Event: 3,470 GC heap before
{Heap before GC invocations=3 (full 0):
 garbage-first heap   total 190464K, used 17804K [0x0000000706000000, 0x00000007061005d0, 0x00000007c0000000)
  region size 1024K, 12 young (12288K), 4 survivors (4096K)
 Metaspace       used 20283K, capacity 21186K, committed 21296K, reserved 1069056K
  class space    used 2199K, capacity 2385K, committed 2432K, reserved 1048576K
}
Event: 3,485 GC heap after
{Heap after GC invocations=4 (full 0):
 garbage-first heap   total 571392K, used 10783K [0x0000000706000000, 0x0000000706101170, 0x00000007c0000000)
  region size 1024K, 5 young (5120K), 5 survivors (5120K)
 Metaspace       used 20283K, capacity 21186K, committed 21296K, reserved 1069056K
  class space    used 2199K, capacity 2385K, committed 2432K, reserved 1048576K
}

